e:\실험실\c++\팀프로젝트\debug\vc140.pdb
e:\실험실\c++\팀프로젝트\debug\vc140.idb
e:\실험실\c++\팀프로젝트\debug\assaultrifle.obj
e:\실험실\c++\팀프로젝트\debug\background.obj
e:\실험실\c++\팀프로젝트\debug\bullet.obj
e:\실험실\c++\팀프로젝트\debug\fontevent.obj
e:\실험실\c++\팀프로젝트\debug\gamemanager.obj
e:\실험실\c++\팀프로젝트\debug\gameobject.obj
e:\실험실\c++\팀프로젝트\debug\graphicmanager.obj
e:\실험실\c++\팀프로젝트\debug\gun.obj
e:\실험실\c++\팀프로젝트\debug\inputmanager.obj
e:\실험실\c++\팀프로젝트\debug\keyboardevent.obj
e:\실험실\c++\팀프로젝트\debug\networkmanager.obj
e:\실험실\c++\팀프로젝트\debug\player.obj
e:\실험실\c++\팀프로젝트\debug\playernetwork.obj
e:\실험실\c++\팀프로젝트\debug\scene.obj
e:\실험실\c++\팀프로젝트\debug\scene_test.obj
e:\실험실\c++\팀프로젝트\debug\soundevent.obj
e:\실험실\c++\팀프로젝트\debug\soundmanager.obj
e:\실험실\c++\팀프로젝트\debug\wndproc.obj
e:\실험실\c++\팀프로젝트\debug\wwinmain.obj
e:\실험실\c++\팀프로젝트\debug\2048.ilk
e:\실험실\c++\팀프로젝트\debug\2048.exe
e:\실험실\c++\팀프로젝트\debug\2048.pdb
e:\실험실\c++\팀프로젝트\debug\gameobject.obj.enc
e:\실험실\c++\팀프로젝트\debug\2048.tlog\cl.command.1.tlog
e:\실험실\c++\팀프로젝트\debug\2048.tlog\cl.read.1.tlog
e:\실험실\c++\팀프로젝트\debug\2048.tlog\cl.write.1.tlog
e:\실험실\c++\팀프로젝트\debug\2048.tlog\link.command.1.tlog
e:\실험실\c++\팀프로젝트\debug\2048.tlog\link.read.1.tlog
e:\실험실\c++\팀프로젝트\debug\2048.tlog\link.write.1.tlog
